Building DAG of jobs...
Using shell: /usr/bin/bash
Provided cores: 24
Rules claiming more threads will be scaled down.
Job counts:
	count	jobs
	1	bwa_map
	1

[Tue May 16 12:10:03 2023]
rule bwa_map:
    input: data/atext, data/btext
    output: output/nocommentstext
    jobid: 0

[Tue May 16 12:10:03 2023]
Error in rule bwa_map:
    jobid: 0
    output: output/nocommentstext
    shell:
        cat data/atext data/btext | grep -v 
        (one of the commands exited with non-zero exit code; note that snakemake uses bash strict mode!)

Shutting down, this might take some time.
Exiting because a job execution failed. Look above for error message
Complete log: /v/wfct0p/data-exp-vis-2023/Lectures/L-Datacleaning-reproducibility/.snakemake/log/2023-05-16T121003.007454.snakemake.log
