Building DAG of jobs...
Using shell: /usr/bin/bash
Provided cores: 24
Rules claiming more threads will be scaled down.
Job counts:
	count	jobs
	1	simple_cat
	1

[Tue May 16 12:22:01 2023]
rule simple_cat:
    input: data/atext, data/btext
    output: snakemake.output/nocommentstext
    jobid: 0

Waiting at most 5 seconds for missing files.
MissingOutputException in line 1 of /v/wfct0p/data-exp-vis-2023/Lectures/L-Datacleaning-reproducibility/example.Snakefile:
Missing files after 5 seconds:
snakemake.output/nocommentstext
This might be due to filesystem latency. If that is the case, consider to increase the wait time with --latency-wait.
Shutting down, this might take some time.
Exiting because a job execution failed. Look above for error message
Complete log: /v/wfct0p/data-exp-vis-2023/Lectures/L-Datacleaning-reproducibility/.snakemake/log/2023-05-16T122201.942037.snakemake.log
